# JRE version: Java(TM) SE Runtime Environment (8.0_45-b15) (build 1.8.0_45-b15)
# Java VM: Java HotSpot(TM) 64-Bit Server VM (25.45-b02 mixed mode windows-amd64 compressed oops)
Heap:
 par new generation   total 306688K, used 156025K [0x00000000c0000000, 0x00000000d4cc0000, 0x00000000d4cc0000)
  eden space 272640K,  44% used [0x00000000c0000000, 0x00000000c771e508, 0x00000000d0a40000)
  from space 34048K, 100% used [0x00000000d2b80000, 0x00000000d4cc0000, 0x00000000d4cc0000)
  to   space 34048K,   0% used [0x00000000d0a40000, 0x00000000d0a40000, 0x00000000d2b80000)
 concurrent mark-sweep generation total 707840K, used 211908K [0x00000000d4cc0000, 0x0000000100000000, 0x0000000100000000)
 Metaspace       used 40286K, capacity 40653K, committed 40960K, reserved 1085440K
  class space    used 4732K, capacity 4848K, committed 4864K, reserved 1048576K
GC Heap History (10 events):
Event: 149.066 GC heap before
{Heap before GC invocations=12 (full 7):
 par new generation   total 306688K, used 113796K [0x00000000c0000000, 0x00000000d4cc0000, 0x00000000d4cc0000)
  eden space 272640K,  29% used [0x00000000c0000000, 0x00000000c4de1108, 0x00000000d0a40000)
  from space 34048K, 100% used [0x00000000d2b80000, 0x00000000d4cc0000, 0x00000000d4cc0000)
  to   space 34048K,   0% used [0x00000000d0a40000, 0x00000000d0a40000, 0x00000000d2b80000)
 concurrent mark-sweep generation total 707840K, used 214120K [0x00000000d4cc0000, 0x0000000100000000, 0x0000000100000000)
 Metaspace       used 36901K, capacity 37233K, committed 37632K, reserved 1083392K
  class space    used 4415K, capacity 4550K, committed 4608K, reserved 1048576K
Event: 149.759 GC heap after
Heap after GC invocations=13 (full 8):
 par new generation   total 306688K, used 0K [0x00000000c0000000, 0x00000000d4cc0000, 0x00000000d4cc0000)
  eden space 272640K,   0% used [0x00000000c0000000, 0x00000000c0000000, 0x00000000d0a40000)
  from space 34048K,   0% used [0x00000000d2b80000, 0x00000000d2b80000, 0x00000000d4cc0000)
  to   space 34048K,   0% used [0x00000000d0a40000, 0x00000000d0a40000, 0x00000000d2b80000)
 concurrent mark-sweep generation total 707840K, used 64115K [0x00000000d4cc0000, 0x0000000100000000, 0x0000000100000000)
 Metaspace       used 36901K, capacity 37233K, committed 37632K, reserved 1083392K
  class space    used 4415K, capacity 4550K, committed 4608K, reserved 1048576K
}
Event: 149.775 GC heap before
{Heap before GC invocations=13 (full 9):
 par new generation   total 306688K, used 8084K [0x00000000c0000000, 0x00000000d4cc0000, 0x00000000d4cc0000)
  eden space 272640K,   2% used [0x00000000c0000000, 0x00000000c07e51a0, 0x00000000d0a40000)
  from space 34048K,   0% used [0x00000000d2b80000, 0x00000000d2b80000, 0x00000000d4cc0000)
  to   space 34048K,   0% used [0x00000000d0a40000, 0x00000000d0a40000, 0x00000000d2b80000)
 concurrent mark-sweep generation total 707840K, used 64115K [0x00000000d4cc0000, 0x0000000100000000, 0x0000000100000000)
 Metaspace       used 36905K, capacity 37233K, committed 37632K, reserved 1083392K
  class space    used 4415K, capacity 4550K, committed 4608K, reserved 1048576K
Event: 150.428 GC heap after
Heap after GC invocations=14 (full 10):
 par new generation   total 306688K, used 0K [0x00000000c0000000, 0x00000000d4cc0000, 0x00000000d4cc0000)
  eden space 272640K,   0% used [0x00000000c0000000, 0x00000000c0000000, 0x00000000d0a40000)
  from space 34048K,   0% used [0x00000000d2b80000, 0x00000000d2b80000, 0x00000000d4cc0000)
  to   space 34048K,   0% used [0x00000000d0a40000, 0x00000000d0a40000, 0x00000000d2b80000)
 concurrent mark-sweep generation total 707840K, used 64176K [0x00000000d4cc0000, 0x0000000100000000, 0x0000000100000000)
 Metaspace       used 36905K, capacity 37233K, committed 37632K, reserved 1083392K
  class space    used 4415K, capacity 4550K, committed 4608K, reserved 1048576K
}
Event: 156.291 GC heap before
{Heap before GC invocations=14 (full 11):
 par new generation   total 306688K, used 267383K [0x00000000c0000000, 0x00000000d4cc0000, 0x00000000d4cc0000)
  eden space 272640K,  98% used [0x00000000c0000000, 0x00000000d051de80, 0x00000000d0a40000)
  from space 34048K,   0% used [0x00000000d2b80000, 0x00000000d2b80000, 0x00000000d4cc0000)
  to   space 34048K,   0% used [0x00000000d0a40000, 0x00000000d0a40000, 0x00000000d2b80000)
 concurrent mark-sweep generation total 707840K, used 64176K [0x00000000d4cc0000, 0x0000000100000000, 0x0000000100000000)
 Metaspace       used 37120K, capacity 37379K, committed 37888K, reserved 1083392K
  class space    used 4437K, capacity 4553K, committed 4608K, reserved 1048576K
Event: 156.491 GC heap after
Heap after GC invocations=15 (full 11):
 par new generation   total 306688K, used 34048K [0x00000000c0000000, 0x00000000d4cc0000, 0x00000000d4cc0000)
  eden space 272640K,   0% used [0x00000000c0000000, 0x00000000c0000000, 0x00000000d0a40000)
  from space 34048K, 100% used [0x00000000d0a40000, 0x00000000d2b80000, 0x00000000d2b80000)
  to   space 34048K,   0% used [0x00000000d2b80000, 0x00000000d2b80000, 0x00000000d4cc0000)
 concurrent mark-sweep generation total 707840K, used 136701K [0x00000000d4cc0000, 0x0000000100000000, 0x0000000100000000)
 Metaspace       used 37120K, capacity 37379K, committed 37888K, reserved 1083392K
  class space    used 4437K, capacity 4553K, committed 4608K, reserved 1048576K
}
Event: 161.134 GC heap before
{Heap before GC invocations=15 (full 11):
 par new generation   total 306688K, used 209073K [0x00000000c0000000, 0x00000000d4cc0000, 0x00000000d4cc0000)
  eden space 272640K,  64% used [0x00000000c0000000, 0x00000000caaec718, 0x00000000d0a40000)
  from space 34048K, 100% used [0x00000000d0a40000, 0x00000000d2b80000, 0x00000000d2b80000)
  to   space 34048K,   0% used [0x00000000d2b80000, 0x00000000d2b80000, 0x00000000d4cc0000)
 concurrent mark-sweep generation total 707840K, used 136701K [0x00000000d4cc0000, 0x0000000100000000, 0x0000000100000000)
 Metaspace       used 38471K, capacity 38823K, committed 39296K, reserved 1083392K
  class space    used 4574K, capacity 4687K, committed 4736K, reserved 1048576K
Event: 161.997 GC heap after
Heap after GC invocations=16 (full 12):
 par new generation   total 306688K, used 0K [0x00000000c0000000, 0x00000000d4cc0000, 0x00000000d4cc0000)
  eden space 272640K,   0% used [0x00000000c0000000, 0x00000000c0000000, 0x00000000d0a40000)
  from space 34048K,   0% used [0x00000000d0a40000, 0x00000000d0a40000, 0x00000000d2b80000)
  to   space 34048K,   0% used [0x00000000d2b80000, 0x00000000d2b80000, 0x00000000d4cc0000)
 concurrent mark-sweep generation total 707840K, used 203748K [0x00000000d4cc0000, 0x0000000100000000, 0x0000000100000000)
 Metaspace       used 38471K, capacity 38823K, committed 39296K, reserved 1083392K
  class space    used 4574K, capacity 4687K, committed 4736K, reserved 1048576K
}
Event: 166.990 GC heap before
{Heap before GC invocations=16 (full 13):
 par new generation   total 306688K, used 260648K [0x00000000c0000000, 0x00000000d4cc0000, 0x00000000d4cc0000)
  eden space 272640K,  95% used [0x00000000c0000000, 0x00000000cfe8a3f8, 0x00000000d0a40000)
  from space 34048K,   0% used [0x00000000d0a40000, 0x00000000d0a40000, 0x00000000d2b80000)
  to   space 34048K,   0% used [0x00000000d2b80000, 0x00000000d2b80000, 0x00000000d4cc0000)
 concurrent mark-sweep generation total 707840K, used 203748K [0x00000000d4cc0000, 0x0000000100000000, 0x0000000100000000)
 Metaspace       used 40150K, capacity 40455K, committed 40704K, reserved 1085440K
  class space    used 4729K, capacity 4847K, committed 4864K, reserved 1048576K
Event: 167.124 GC heap after
Heap after GC invocations=17 (full 13):
 par new generation   total 306688K, used 34048K [0x00000000c0000000, 0x00000000d4cc0000, 0x00000000d4cc0000)
  eden space 272640K,   0% used [0x00000000c0000000, 0x00000000c0000000, 0x00000000d0a40000)
  from space 34048K, 100% used [0x00000000d2b80000, 0x00000000d4cc0000, 0x00000000d4cc0000)
  to   space 34048K,   0% used [0x00000000d0a40000, 0x00000000d0a40000, 0x00000000d2b80000)
 concurrent mark-sweep generation total 707840K, used 238281K [0x00000000d4cc0000, 0x0000000100000000, 0x0000000100000000)
 Metaspace       used 40150K, capacity 40455K, committed 40704K, reserved 1085440K
  class space    used 4729K, capacity 4847K, committed 4864K, reserved 1048576K
}

