# JRE version: Java(TM) SE Runtime Environment (8.0_45-b15) (build 1.8.0_45-b15)
# Java VM: Java HotSpot(TM) 64-Bit Server VM (25.45-b02 mixed mode windows-amd64 compressed oops)
Heap:
 par new generation   total 306688K, used 214462K [0x00000000c0000000, 0x00000000d4cc0000, 0x00000000d4cc0000)
  eden space 272640K,  66% used [0x00000000c0000000, 0x00000000cb02f940, 0x00000000d0a40000)
  from space 34048K, 100% used [0x00000000d0a40000, 0x00000000d2b80000, 0x00000000d2b80000)
  to   space 34048K,   0% used [0x00000000d2b80000, 0x00000000d2b80000, 0x00000000d4cc0000)
 concurrent mark-sweep generation total 707840K, used 273978K [0x00000000d4cc0000, 0x0000000100000000, 0x0000000100000000)
 Metaspace       used 40582K, capacity 40935K, committed 41344K, reserved 1085440K
  class space    used 4734K, capacity 4879K, committed 4992K, reserved 1048576K
GC Heap History (10 events):
Event: 64.949 GC heap before
{Heap before GC invocations=9 (full 5):
 par new generation   total 306688K, used 0K [0x00000000c0000000, 0x00000000d4cc0000, 0x00000000d4cc0000)
  eden space 272640K,   0% used [0x00000000c0000000, 0x00000000c0000000, 0x00000000d0a40000)
  from space 34048K,   0% used [0x00000000d2b80000, 0x00000000d2b80000, 0x00000000d4cc0000)
  to   space 34048K,   0% used [0x00000000d0a40000, 0x00000000d0a40000, 0x00000000d2b80000)
 concurrent mark-sweep generation total 707840K, used 59464K [0x00000000d4cc0000, 0x0000000100000000, 0x0000000100000000)
 Metaspace       used 32996K, capacity 33263K, committed 33664K, reserved 1079296K
  class space    used 4002K, capacity 4101K, committed 4224K, reserved 1048576K
Event: 65.182 GC heap after
Heap after GC invocations=10 (full 6):
 par new generation   total 306688K, used 0K [0x00000000c0000000, 0x00000000d4cc0000, 0x00000000d4cc0000)
  eden space 272640K,   0% used [0x00000000c0000000, 0x00000000c0000000, 0x00000000d0a40000)
  from space 34048K,   0% used [0x00000000d2b80000, 0x00000000d2b80000, 0x00000000d4cc0000)
  to   space 34048K,   0% used [0x00000000d0a40000, 0x00000000d0a40000, 0x00000000d2b80000)
 concurrent mark-sweep generation total 707840K, used 59463K [0x00000000d4cc0000, 0x0000000100000000, 0x0000000100000000)
 Metaspace       used 32996K, capacity 33263K, committed 33664K, reserved 1079296K
  class space    used 4002K, capacity 4101K, committed 4224K, reserved 1048576K
}
Event: 78.860 GC heap before
{Heap before GC invocations=10 (full 7):
 par new generation   total 306688K, used 272640K [0x00000000c0000000, 0x00000000d4cc0000, 0x00000000d4cc0000)
  eden space 272640K, 100% used [0x00000000c0000000, 0x00000000d0a40000, 0x00000000d0a40000)
  from space 34048K,   0% used [0x00000000d2b80000, 0x00000000d2b80000, 0x00000000d4cc0000)
  to   space 34048K,   0% used [0x00000000d0a40000, 0x00000000d0a40000, 0x00000000d2b80000)
 concurrent mark-sweep generation total 707840K, used 59463K [0x00000000d4cc0000, 0x0000000100000000, 0x0000000100000000)
 Metaspace       used 35492K, capacity 35793K, committed 36224K, reserved 1081344K
  class space    used 4301K, capacity 4390K, committed 4480K, reserved 1048576K
Event: 79.180 GC heap after
Heap after GC invocations=11 (full 7):
 par new generation   total 306688K, used 34048K [0x00000000c0000000, 0x00000000d4cc0000, 0x00000000d4cc0000)
  eden space 272640K,   0% used [0x00000000c0000000, 0x00000000c0000000, 0x00000000d0a40000)
  from space 34048K, 100% used [0x00000000d0a40000, 0x00000000d2b80000, 0x00000000d2b80000)
  to   space 34048K,   0% used [0x00000000d2b80000, 0x00000000d2b80000, 0x00000000d4cc0000)
 concurrent mark-sweep generation total 707840K, used 149346K [0x00000000d4cc0000, 0x0000000100000000, 0x0000000100000000)
 Metaspace       used 35492K, capacity 35793K, committed 36224K, reserved 1081344K
  class space    used 4301K, capacity 4390K, committed 4480K, reserved 1048576K
}
Event: 85.858 GC heap before
{Heap before GC invocations=11 (full 7):
 par new generation   total 306688K, used 260284K [0x00000000c0000000, 0x00000000d4cc0000, 0x00000000d4cc0000)
  eden space 272640K,  82% used [0x00000000c0000000, 0x00000000cdcef078, 0x00000000d0a40000)
  from space 34048K, 100% used [0x00000000d0a40000, 0x00000000d2b80000, 0x00000000d2b80000)
  to   space 34048K,   0% used [0x00000000d2b80000, 0x00000000d2b80000, 0x00000000d4cc0000)
 concurrent mark-sweep generation total 707840K, used 147042K [0x00000000d4cc0000, 0x0000000100000000, 0x0000000100000000)
 Metaspace       used 37698K, capacity 38001K, committed 38272K, reserved 1083392K
  class space    used 4551K, capacity 4678K, committed 4736K, reserved 1048576K
Event: 87.199 GC heap after
Heap after GC invocations=12 (full 8):
 par new generation   total 306688K, used 0K [0x00000000c0000000, 0x00000000d4cc0000, 0x00000000d4cc0000)
  eden space 272640K,   0% used [0x00000000c0000000, 0x00000000c0000000, 0x00000000d0a40000)
  from space 34048K,   0% used [0x00000000d0a40000, 0x00000000d0a40000, 0x00000000d2b80000)
  to   space 34048K,   0% used [0x00000000d2b80000, 0x00000000d2b80000, 0x00000000d4cc0000)
 concurrent mark-sweep generation total 707840K, used 248518K [0x00000000d4cc0000, 0x0000000100000000, 0x0000000100000000)
 Metaspace       used 37698K, capacity 38001K, committed 38272K, reserved 1083392K
  class space    used 4551K, capacity 4678K, committed 4736K, reserved 1048576K
}
Event: 89.743 GC heap before
{Heap before GC invocations=12 (full 9):
 par new generation   total 306688K, used 258069K [0x00000000c0000000, 0x00000000d4cc0000, 0x00000000d4cc0000)
  eden space 272640K,  94% used [0x00000000c0000000, 0x00000000cfc05460, 0x00000000d0a40000)
  from space 34048K,   0% used [0x00000000d0a40000, 0x00000000d0a40000, 0x00000000d2b80000)
  to   space 34048K,   0% used [0x00000000d2b80000, 0x00000000d2b80000, 0x00000000d4cc0000)
 concurrent mark-sweep generation total 707840K, used 248518K [0x00000000d4cc0000, 0x0000000100000000, 0x0000000100000000)
 Metaspace       used 39571K, capacity 39829K, committed 40192K, reserved 1085440K
  class space    used 4713K, capacity 4812K, committed 4864K, reserved 1048576K
Event: 89.846 GC heap after
Heap after GC invocations=13 (full 9):
 par new generation   total 306688K, used 34048K [0x00000000c0000000, 0x00000000d4cc0000, 0x00000000d4cc0000)
  eden space 272640K,   0% used [0x00000000c0000000, 0x00000000c0000000, 0x00000000d0a40000)
  from space 34048K, 100% used [0x00000000d2b80000, 0x00000000d4cc0000, 0x00000000d4cc0000)
  to   space 34048K,   0% used [0x00000000d0a40000, 0x00000000d0a40000, 0x00000000d2b80000)
 concurrent mark-sweep generation total 707840K, used 270422K [0x00000000d4cc0000, 0x0000000100000000, 0x0000000100000000)
 Metaspace       used 39571K, capacity 39829K, committed 40192K, reserved 1085440K
  class space    used 4713K, capacity 4812K, committed 4864K, reserved 1048576K
}
Event: 102.469 GC heap before
{Heap before GC invocations=13 (full 9):
 par new generation   total 306688K, used 306688K [0x00000000c0000000, 0x00000000d4cc0000, 0x00000000d4cc0000)
  eden space 272640K, 100% used [0x00000000c0000000, 0x00000000d0a40000, 0x00000000d0a40000)
  from space 34048K, 100% used [0x00000000d2b80000, 0x00000000d4cc0000, 0x00000000d4cc0000)
  to   space 34048K,   0% used [0x00000000d0a40000, 0x00000000d0a40000, 0x00000000d2b80000)
 concurrent mark-sweep generation total 707840K, used 263322K [0x00000000d4cc0000, 0x0000000100000000, 0x0000000100000000)
 Metaspace       used 40180K, capacity 40519K, committed 40960K, reserved 1085440K
  class space    used 4728K, capacity 4847K, committed 4864K, reserved 1048576K
Event: 102.704 GC heap after
Heap after GC invocations=14 (full 9):
 par new generation   total 306688K, used 34048K [0x00000000c0000000, 0x00000000d4cc0000, 0x00000000d4cc0000)
  eden space 272640K,   0% used [0x00000000c0000000, 0x00000000c0000000, 0x00000000d0a40000)
  from space 34048K, 100% used [0x00000000d0a40000, 0x00000000d2b80000, 0x00000000d2b80000)
  to   space 34048K,   0% used [0x00000000d2b80000, 0x00000000d2b80000, 0x00000000d4cc0000)
 concurrent mark-sweep generation total 707840K, used 330781K [0x00000000d4cc0000, 0x0000000100000000, 0x0000000100000000)
 Metaspace       used 40180K, capacity 40519K, committed 40960K, reserved 1085440K
  class space    used 4728K, capacity 4847K, committed 4864K, reserved 1048576K
}

